# The Four Pillars of Debugging

1. Break -> `Breakpoints` can be set in different parts of the code when certain conditions are met

	Using out `helloWorld.s` file:
```bash
gef➤  b _start
Breakpoint 1 at 0x401000

```

To run our `helloWorld.s` program use the `run` or `r` command
```bash
gef➤  r
Starting program: /home/c0rnkrump3t/helloWorld 

Breakpoint 1, 0x0000000000401000 in _start ()

[ Legend: Modified register | Code | Heap | Stack | String ]
────────────────────────────────────────────────────────────────────────── registers ────
$rax   : 0x0               
$rbx   : 0x0               
$rcx   : 0x0               
$rdx   : 0x0               
$rsp   : 0x007fffffffe040  →  0x0000000000000001
$rbp   : 0x0               
$rsi   : 0x0               
$rdi   : 0x0               
$rip   : 0x00000000401000  →  <_start+0> mov eax, 0x1
$r8    : 0x0               
$r9    : 0x0               
$r10   : 0x0               
$r11   : 0x0               
$r12   : 0x0               
$r13   : 0x0               
$r14   : 0x0               
$r15   : 0x0               
$eflags: [zero carry parity adjust sign trap INTERRUPT direction overflow resume virtualx86 identification]
$cs: 0x33 $ss: 0x2b $ds: 0x00 $es: 0x00 $fs: 0x00 $gs: 0x00 
────────────────────────────────────────────────────────────────────────────── stack ────
0x007fffffffe040│+0x0000: 0x0000000000000001	 ← $rsp
0x007fffffffe048│+0x0008: 0x007fffffffe36c  →  "/home/c0rnkrump3t/helloWorld"
0x007fffffffe050│+0x0010: 0x0000000000000000
0x007fffffffe058│+0x0018: 0x007fffffffe389  →  "SHELL=/bin/bash"
0x007fffffffe060│+0x0020: 0x007fffffffe399  →  "SESSION_MANAGER=local/unix:@/tmp/.ICE-unix/2035,un[...]"
0x007fffffffe068│+0x0028: 0x007fffffffe3e7  →  "COLORTERM=truecolor"
0x007fffffffe070│+0x0030: 0x007fffffffe3fb  →  "HISTCONTROL=ignoredups"
0x007fffffffe078│+0x0038: 0x007fffffffe412  →  "XDG_MENU_PREFIX=gnome-"
──────────────────────────────────────────────────────────────────────── code:x86:64 ────
     0x400ffa                  add    BYTE PTR [rax], al
     0x400ffc                  add    BYTE PTR [rax], al
     0x400ffe                  add    BYTE PTR [rax], al
 →   0x401000 <_start+0>       mov    eax, 0x1
     0x401005 <_start+5>       mov    edi, 0x1
     0x40100a <_start+10>      movabs rsi, 0x402000
     0x401014 <_start+20>      mov    edx, 0xc
     0x401019 <_start+25>      syscall 
     0x40101b <_start+27>      mov    eax, 0x3c
──────────────────────────────────────────────────────────────────────────── threads ────
[#0] Id 1, Name: "helloWorld", stopped 0x401000 in _start (), reason: BREAKPOINT
────────────────────────────────────────────────────────────────────────────── trace ────
[#0] 0x401000 → _start()

```

#### (Good to know)
I noticed a statement that `Debuginfod has been disabled` when I first ran my program.
If you happen to get this message, it means you need to enable it with `set debuginfod enabled on` in the  `.gdbinit` file. If you are having trouble finding the file, you can show hidden files using the command ```
ls -ld .?* 

```
We can set breakpoints at specific addresses such as `_start+5` and `_start+10` by typing `b *0x401005` and `b *0x40100a` respectively.

We can also delete, enable and disable breakpoints. Let's try deleting breakpoint 2. 
```bash
gef➤  delete breakpoint 2
gef➤  info b
Num     Type           Disp Enb Address            What
1       breakpoint     keep y   0x0000000000401000 <_start>
	breakpoint already hit 1 time
3       breakpoint     keep y   0x000000000040100a <_start+10>
	breakpoint already hit 1 time
4       breakpoint     keep y   0x000000000040101b <_start+27>
	breakpoint already hit 1 time

```


2. Examine -> Running and examining the program's state at the breakpoints
3. Step -> Checks what the code is doing with each instruction and with user input
4. Modify -> Examines what happens when the code is executed if values in registers or addresses are changed at breakpoints